<?xml version="1.0" encoding="UTF-8"?>
<coverage generated="1785574976312" clover="3.2.0">
  <project timestamp="1785574976312" name="All files">
    <metrics statements="21" coveredstatements="21" conditionals="8" coveredconditionals="8" methods="7" coveredmethods="7" elements="36" coveredelements="36" complexity="0" loc="21" ncloc="21" packages="1" files="1" classes="1"/>
    <file name="evenBus.js" path="C:\Users\Mukul\Documents\Roadmap\React\01-pure-react\my-react-app\src\event-emitter\evenBus.js">
      <metrics statements="21" coveredstatements="21" conditionals="8" coveredconditionals="8" methods="7" coveredmethods="7"/>
      <line num="3" count="9" type="stmt"/>
      <line num="7" count="8" type="cond" truecount="2" falsecount="0"/>
      <line num="8" count="6" type="stmt"/>
      <line num="10" count="8" type="stmt"/>
      <line num="14" count="7" type="cond" truecount="2" falsecount="0"/>
      <line num="15" count="5" type="stmt"/>
      <line num="17" count="5" type="stmt"/>
      <line num="18" count="6" type="stmt"/>
      <line num="23" count="5" type="cond" truecount="2" falsecount="0"/>
      <line num="25" count="6" type="stmt"/>
      <line num="27" count="4" type="cond" truecount="2" falsecount="0"/>
      <line num="28" count="3" type="stmt"/>
      <line num="33" count="2" type="stmt"/>
      <line num="37" count="1" type="stmt"/>
      <line num="40" count="1" type="stmt"/>
      <line num="42" count="1" type="stmt"/>
      <line num="43" count="1" type="stmt"/>
      <line num="45" count="1" type="stmt"/>
      <line num="47" count="1" type="stmt"/>
      <line num="49" count="1" type="stmt"/>
      <line num="51" count="1" type="stmt"/>
    </file>
  </project>
</coverage>
