{"C:\\Users\\Mukul\\Documents\\Roadmap\\React\\01-pure-react\\my-react-app\\src\\event-emitter\\evenBus.js": {"path":"C:\\Users\\Mukul\\Documents\\Roadmap\\React\\01-pure-react\\my-react-app\\src\\event-emitter\\evenBus.js","statementMap":{"0":{"start":{"line":3,"column":4},"end":{"line":3,"column":null}},"1":{"start":{"line":7,"column":4},"end":{"line":9,"column":null}},"2":{"start":{"line":8,"column":6},"end":{"line":8,"column":null}},"3":{"start":{"line":10,"column":4},"end":{"line":10,"column":null}},"4":{"start":{"line":14,"column":4},"end":{"line":14,"column":null}},"5":{"start":{"line":14,"column":33},"end":{"line":14,"column":null}},"6":{"start":{"line":15,"column":22},"end":{"line":15,"column":null}},"7":{"start":{"line":17,"column":4},"end":{"line":19,"column":null}},"8":{"start":{"line":18,"column":6},"end":{"line":18,"column":null}},"9":{"start":{"line":23,"column":4},"end":{"line":23,"column":null}},"10":{"start":{"line":23,"column":33},"end":{"line":23,"column":null}},"11":{"start":{"line":25,"column":20},"end":{"line":25,"column":null}},"12":{"start":{"line":25,"column":58},"end":{"line":25,"column":67}},"13":{"start":{"line":27,"column":4},"end":{"line":28,"column":null}},"14":{"start":{"line":27,"column":30},"end":{"line":27,"column":null}},"15":{"start":{"line":28,"column":9},"end":{"line":28,"column":null}},"16":{"start":{"line":33,"column":2},"end":{"line":33,"column":null}},"17":{"start":{"line":37,"column":2},"end":{"line":37,"column":null}},"18":{"start":{"line":40,"column":12},"end":{"line":40,"column":null}},"19":{"start":{"line":42,"column":0},"end":{"line":42,"column":null}},"20":{"start":{"line":43,"column":0},"end":{"line":43,"column":null}},"21":{"start":{"line":45,"column":0},"end":{"line":45,"column":null}},"22":{"start":{"line":47,"column":0},"end":{"line":47,"column":null}},"23":{"start":{"line":49,"column":0},"end":{"line":49,"column":null}},"24":{"start":{"line":51,"column":0},"end":{"line":51,"column":null}}},"fnMap":{"0":{"name":"constructor","decl":{"start":{"line":2,"column":2},"end":{"line":2,"column":16}},"loc":{"start":{"line":2,"column":16},"end":{"line":4,"column":null}},"line":2},"1":{"name":"subscribe","decl":{"start":{"line":6,"column":2},"end":{"line":6,"column":12}},"loc":{"start":{"line":6,"column":29},"end":{"line":11,"column":null}},"line":6},"2":{"name":"emit","decl":{"start":{"line":13,"column":2},"end":{"line":13,"column":7}},"loc":{"start":{"line":13,"column":20},"end":{"line":20,"column":null}},"line":13},"3":{"name":"unsubscribe","decl":{"start":{"line":22,"column":2},"end":{"line":22,"column":14}},"loc":{"start":{"line":22,"column":25},"end":{"line":29,"column":null}},"line":22},"4":{"name":"(anonymous_4)","decl":{"start":{"line":25,"column":43},"end":{"line":25,"column":51}},"loc":{"start":{"line":25,"column":58},"end":{"line":25,"column":67}},"line":25},"5":{"name":"fn1","decl":{"start":{"line":32,"column":9},"end":{"line":32,"column":13}},"loc":{"start":{"line":32,"column":19},"end":{"line":34,"column":null}},"line":32},"6":{"name":"fn2","decl":{"start":{"line":36,"column":9},"end":{"line":36,"column":13}},"loc":{"start":{"line":36,"column":19},"end":{"line":38,"column":null}},"line":36}},"branchMap":{"0":{"loc":{"start":{"line":7,"column":4},"end":{"line":9,"column":null}},"type":"if","locations":[{"start":{"line":7,"column":4},"end":{"line":9,"column":null}},{"start":{},"end":{}}],"line":7},"1":{"loc":{"start":{"line":14,"column":4},"end":{"line":14,"column":null}},"type":"if","locations":[{"start":{"line":14,"column":4},"end":{"line":14,"column":null}},{"start":{},"end":{}}],"line":14},"2":{"loc":{"start":{"line":23,"column":4},"end":{"line":23,"column":null}},"type":"if","locations":[{"start":{"line":23,"column":4},"end":{"line":23,"column":null}},{"start":{},"end":{}}],"line":23},"3":{"loc":{"start":{"line":27,"column":4},"end":{"line":28,"column":null}},"type":"if","locations":[{"start":{"line":27,"column":4},"end":{"line":28,"column":null}},{"start":{"line":28,"column":9},"end":{"line":28,"column":null}}],"line":27}},"s":{"0":9,"1":8,"2":6,"3":8,"4":7,"5":2,"6":5,"7":5,"8":6,"9":5,"10":1,"11":4,"12":6,"13":4,"14":1,"15":3,"16":2,"17":1,"18":1,"19":1,"20":1,"21":1,"22":1,"23":1,"24":1},"f":{"0":9,"1":8,"2":7,"3":5,"4":6,"5":2,"6":1},"b":{"0":[6,2],"1":[2,5],"2":[1,4],"3":[1,3]},"meta":{"lastBranch":4,"lastFunction":7,"lastStatement":25,"seen":{"f:2:2:2:16":0,"s:3:4:3:Infinity":0,"f:6:2:6:12":1,"b:7:4:9:Infinity:undefined:undefined:undefined:undefined":0,"s:7:4:9:Infinity":1,"s:8:6:8:Infinity":2,"s:10:4:10:Infinity":3,"f:13:2:13:7":2,"b:14:4:14:Infinity:undefined:undefined:undefined:undefined":1,"s:14:4:14:Infinity":4,"s:14:33:14:Infinity":5,"s:15:22:15:Infinity":6,"s:17:4:19:Infinity":7,"s:18:6:18:Infinity":8,"f:22:2:22:14":3,"b:23:4:23:Infinity:undefined:undefined:undefined:undefined":2,"s:23:4:23:Infinity":9,"s:23:33:23:Infinity":10,"s:25:20:25:Infinity":11,"f:25:43:25:51":4,"s:25:58:25:67":12,"b:27:4:28:Infinity:28:9:28:Infinity":3,"s:27:4:28:Infinity":13,"s:27:30:27:Infinity":14,"s:28:9:28:Infinity":15,"f:32:9:32:13":5,"s:33:2:33:Infinity":16,"f:36:9:36:13":6,"s:37:2:37:Infinity":17,"s:40:12:40:Infinity":18,"s:42:0:42:Infinity":19,"s:43:0:43:Infinity":20,"s:45:0:45:Infinity":21,"s:47:0:47:Infinity":22,"s:49:0:49:Infinity":23,"s:51:0:51:Infinity":24},"fnNames":{}}}
}
